TN:
SF:.eslintrc.js
FNF:0
FNH:0
DA:1,0
LF:1
LH:0
BRF:0
BRH:0
end_of_record
TN:
SF:src/app.controller.ts
FN:6,(anonymous_2)
FN:10,(anonymous_3)
FNF:2
FNH:2
FNDA:1,(anonymous_2)
FNDA:1,(anonymous_3)
DA:1,1
DA:2,1
DA:5,1
DA:6,1
DA:10,1
DA:11,1
LF:6
LH:6
BRF:0
BRH:0
end_of_record
TN:
SF:src/app.module.ts
FNF:0
FNH:0
DA:1,0
DA:2,0
DA:3,0
DA:4,0
DA:5,0
DA:6,0
DA:21,0
LF:7
LH:0
BRF:0
BRH:0
end_of_record
TN:
SF:src/app.service.ts
FN:5,(anonymous_1)
FNF:1
FNH:1
FNDA:1,(anonymous_1)
DA:1,1
DA:4,1
DA:6,1
LF:3
LH:3
BRF:0
BRH:0
end_of_record
TN:
SF:src/configuration.ts
FNF:0
FNH:0
DA:1,1
DA:2,1
DA:4,1
DA:5,1
DA:59,1
DA:60,1
DA:62,1
DA:64,1
LF:8
LH:8
BRDA:31,0,0,1
BRDA:31,0,1,1
BRDA:63,1,0,0
BRDA:63,1,1,1
BRDA:65,2,0,0
BRDA:65,2,1,1
BRF:6
BRH:4
end_of_record
TN:
SF:src/main.ts
FN:4,bootstrap
FNF:1
FNH:0
FNDA:0,bootstrap
DA:1,0
DA:2,0
DA:5,0
DA:6,0
DA:9,0
LF:5
LH:0
BRDA:6,0,0,0
BRDA:6,0,1,0
BRF:2
BRH:0
end_of_record
TN:
SF:src/common/pipes/emptyBody.ts
FN:5,(anonymous_1)
FNF:1
FNH:0
FNDA:0,(anonymous_1)
DA:1,1
DA:4,1
DA:6,0
DA:7,0
DA:9,0
LF:5
LH:2
BRDA:6,0,0,0
BRDA:6,1,0,0
BRDA:6,1,1,0
BRF:3
BRH:0
end_of_record
TN:
SF:src/modules/auth/auth.controller.ts
FN:25,(anonymous_4)
FN:34,(anonymous_5)
FN:47,(anonymous_6)
FN:63,(anonymous_7)
FN:86,(anonymous_8)
FN:92,(anonymous_9)
FN:42,(anonymous_10)
FN:58,(anonymous_11)
FN:80,(anonymous_12)
FNF:9
FNH:0
FNDA:0,(anonymous_4)
FNDA:0,(anonymous_5)
FNDA:0,(anonymous_6)
FNDA:0,(anonymous_7)
FNDA:0,(anonymous_8)
FNDA:0,(anonymous_9)
FNDA:0,(anonymous_10)
FNDA:0,(anonymous_11)
FNDA:0,(anonymous_12)
DA:1,1
DA:12,1
DA:13,1
DA:14,1
DA:15,1
DA:16,1
DA:17,1
DA:18,1
DA:19,1
DA:20,1
DA:21,1
DA:24,1
DA:26,0
DA:27,0
DA:34,1
DA:35,0
DA:42,0
DA:47,1
DA:48,0
DA:49,0
DA:51,0
DA:58,0
DA:63,1
DA:67,0
DA:68,0
DA:70,0
DA:80,0
DA:86,1
DA:87,0
DA:92,1
DA:93,0
LF:31
LH:17
BRDA:48,0,0,0
BRDA:67,1,0,0
BRF:2
BRH:0
end_of_record
TN:
SF:src/modules/auth/auth.module.ts
FNF:0
FNH:0
DA:1,1
DA:2,1
DA:3,1
DA:4,1
DA:5,1
DA:6,1
DA:7,1
DA:8,1
DA:9,1
DA:10,1
DA:11,1
DA:12,1
DA:13,1
DA:14,1
DA:36,1
LF:15
LH:15
BRF:0
BRH:0
end_of_record
TN:
SF:src/modules/auth/dto/email-verify.dto.ts
FNF:0
FNH:0
DA:1,1
DA:3,1
DA:11,1
LF:3
LH:3
BRF:0
BRH:0
end_of_record
TN:
SF:src/modules/auth/dto/login.dto.ts
FNF:0
FNH:0
DA:1,0
DA:2,0
DA:5,0
DA:9,0
LF:4
LH:0
BRF:0
BRH:0
end_of_record
TN:
SF:src/modules/auth/dto/onboarding.dto.ts
FNF:0
FNH:0
DA:1,1
DA:3,1
DA:8,1
DA:12,1
DA:18,1
DA:24,1
LF:6
LH:6
BRF:0
BRH:0
end_of_record
TN:
SF:src/modules/auth/dto/register.dto.ts
FNF:0
FNH:0
DA:1,1
DA:3,1
DA:9,1
DA:15,1
DA:22,1
DA:28,1
LF:6
LH:6
BRF:0
BRH:0
end_of_record
TN:
SF:src/modules/auth/dto/username-check.dto.ts
FNF:0
FNH:0
DA:1,0
DA:3,0
DA:11,0
LF:3
LH:0
BRF:0
BRH:0
end_of_record
TN:
SF:src/modules/auth/guards/captcha.guard.ts
FN:12,(anonymous_2)
FN:14,(anonymous_3)
FNF:2
FNH:0
FNDA:0,(anonymous_2)
FNDA:0,(anonymous_3)
DA:1,0
DA:7,0
DA:8,0
DA:11,0
DA:12,0
DA:15,0
DA:16,0
DA:17,0
DA:18,0
DA:20,0
DA:21,0
DA:26,0
DA:30,0
DA:31,0
DA:32,0
DA:33,0
DA:34,0
DA:37,0
LF:18
LH:0
BRDA:15,0,0,0
BRDA:20,1,0,0
BRDA:20,1,1,0
BRDA:30,2,0,0
BRDA:31,3,0,0
BRDA:33,4,0,0
BRF:6
BRH:0
end_of_record
TN:
SF:src/modules/auth/guards/jwt-auth.guard.ts
FNF:0
FNH:0
DA:1,1
DA:2,1
DA:5,1
LF:3
LH:3
BRF:0
BRH:0
end_of_record
TN:
SF:src/modules/auth/guards/local-auth.guard.ts
FN:7,(anonymous_2)
FN:11,(anonymous_3)
FNF:2
FNH:0
FNDA:0,(anonymous_2)
FNDA:0,(anonymous_3)
DA:1,0
DA:2,0
DA:6,0
DA:8,0
DA:12,0
LF:5
LH:0
BRF:0
BRH:0
end_of_record
TN:
SF:src/modules/auth/schemas/email-verification.schema.ts
FN:21,(anonymous_2)
FN:29,(anonymous_3)
FNF:2
FNH:2
FNDA:9,(anonymous_2)
FNDA:3,(anonymous_3)
DA:1,2
DA:2,2
DA:3,2
DA:6,2
DA:8,2
DA:11,2
DA:14,2
DA:19,2
DA:21,2
DA:22,9
DA:23,8
DA:24,8
DA:26,9
DA:29,2
DA:30,3
LF:15
LH:15
BRDA:22,0,0,8
BRF:1
BRH:1
end_of_record
TN:
SF:src/modules/auth/services/auth.service.ts
FN:8,(anonymous_2)
FN:10,(anonymous_3)
FNF:2
FNH:2
FNDA:3,(anonymous_2)
FNDA:1,(anonymous_3)
DA:1,2
DA:2,2
DA:3,2
DA:4,2
DA:7,2
DA:8,3
DA:11,1
LF:7
LH:7
BRF:0
BRH:0
end_of_record
TN:
SF:src/modules/auth/services/registration.service.ts
FN:19,(anonymous_4)
FN:29,(anonymous_5)
FN:82,(anonymous_6)
FN:135,(anonymous_7)
FN:165,(anonymous_8)
FN:201,(anonymous_9)
FNF:6
FNH:6
FNDA:1,(anonymous_4)
FNDA:2,(anonymous_5)
FNDA:5,(anonymous_6)
FNDA:2,(anonymous_7)
FNDA:2,(anonymous_8)
FNDA:2,(anonymous_9)
DA:1,2
DA:7,2
DA:8,2
DA:9,2
DA:11,2
DA:12,2
DA:13,2
DA:14,2
DA:18,2
DA:20,1
DA:21,1
DA:23,1
DA:25,1
DA:26,1
DA:35,2
DA:36,1
DA:39,1
DA:40,1
DA:47,0
DA:51,1
DA:54,1
DA:55,0
DA:59,1
DA:62,1
DA:66,1
DA:67,1
DA:69,0
DA:73,1
DA:75,1
DA:79,1
DA:87,5
DA:88,4
DA:92,1
DA:93,3
DA:97,3
DA:98,0
DA:100,3
DA:102,1
DA:103,1
DA:104,1
DA:106,0
DA:108,1
DA:111,2
DA:112,1
DA:113,1
DA:115,0
DA:117,1
DA:118,1
DA:121,1
DA:126,1
DA:127,1
DA:137,2
DA:140,2
DA:144,1
DA:146,1
DA:148,1
DA:151,1
DA:155,1
DA:156,1
DA:158,0
DA:161,1
DA:162,1
DA:170,2
DA:172,2
DA:173,1
DA:174,1
DA:179,1
DA:180,1
DA:186,1
DA:189,1
DA:193,1
DA:202,2
DA:203,0
LF:73
LH:65
BRDA:35,0,0,1
BRDA:54,1,0,0
BRDA:88,2,0,1
BRDA:89,3,0,4
BRDA:89,3,1,4
BRDA:97,4,0,0
BRDA:100,5,0,1
BRDA:111,6,0,1
BRDA:140,7,0,1
BRDA:141,8,0,2
BRDA:141,8,1,2
BRDA:172,9,0,1
BRDA:202,10,0,0
BRDA:202,10,1,2
BRF:14
BRH:11
end_of_record
TN:
SF:src/modules/auth/strategies/google.strategy.ts
FN:8,(anonymous_2)
FN:17,(anonymous_3)
FNF:2
FNH:0
FNDA:0,(anonymous_2)
FNDA:0,(anonymous_3)
DA:1,0
DA:2,0
DA:3,0
DA:4,0
DA:7,0
DA:9,0
DA:23,0
DA:24,0
DA:31,0
LF:9
LH:0
BRF:0
BRH:0
end_of_record
TN:
SF:src/modules/auth/strategies/jwt.strategy.ts
FN:7,(anonymous_2)
FN:14,(anonymous_3)
FNF:2
FNH:1
FNDA:1,(anonymous_2)
FNDA:0,(anonymous_3)
DA:1,1
DA:2,1
DA:3,1
DA:4,1
DA:6,1
DA:8,1
DA:15,0
LF:7
LH:6
BRF:0
BRH:0
end_of_record
TN:
SF:src/modules/auth/strategies/local.strategy.ts
FN:7,(anonymous_2)
FN:14,(anonymous_3)
FNF:2
FNH:0
FNDA:0,(anonymous_2)
FNDA:0,(anonymous_3)
DA:1,0
DA:2,0
DA:3,0
DA:6,0
DA:8,0
DA:15,0
LF:6
LH:0
BRF:0
BRH:0
end_of_record
TN:
SF:src/modules/config/index.ts
FNF:0
FNH:0
DA:1,1
DA:8,1
LF:2
LH:2
BRF:0
BRH:0
end_of_record
TN:
SF:src/modules/config/schema/key-val.schema.ts
FNF:0
FNH:0
DA:1,0
DA:7,0
DA:9,0
DA:12,0
DA:15,0
LF:5
LH:0
BRF:0
BRH:0
end_of_record
TN:
SF:src/modules/config/schema/route-config.schema.ts
FNF:0
FNH:0
DA:1,0
DA:3,0
LF:2
LH:0
BRF:0
BRH:0
end_of_record
TN:
SF:src/modules/users/users.module.ts
FNF:0
FNH:0
DA:1,1
DA:11,1
LF:2
LH:2
BRF:0
BRH:0
end_of_record
TN:
SF:src/modules/users/schemas/user-auth.schema.ts
FN:5,(anonymous_2)
FN:41,(anonymous_3)
FN:55,(anonymous_4)
FNF:3
FNH:2
FNDA:2,(anonymous_2)
FNDA:10,(anonymous_3)
FNDA:0,(anonymous_4)
DA:1,2
DA:2,2
DA:3,2
DA:5,2
DA:6,2
DA:7,2
DA:8,2
DA:9,2
DA:10,2
DA:11,2
DA:12,2
DA:13,2
DA:17,2
DA:20,2
DA:23,2
DA:26,2
DA:36,2
DA:39,2
DA:41,2
DA:42,10
DA:43,0
DA:45,10
DA:46,10
DA:47,10
DA:48,10
DA:50,0
DA:55,2
DA:56,0
LF:28
LH:25
BRDA:5,0,0,2
BRDA:5,0,1,2
BRDA:42,1,0,0
BRDA:46,2,0,10
BRDA:46,2,1,10
BRF:5
BRH:4
end_of_record
TN:
SF:src/modules/users/schemas/user-details.schema.ts
FNF:0
FNH:0
DA:1,2
DA:2,2
DA:5,2
DA:7,2
DA:10,2
DA:13,2
DA:16,2
DA:19,2
LF:8
LH:8
BRF:0
BRH:0
end_of_record
TN:
SF:src/modules/users/schemas/user-mfa.schema.ts
FN:5,(anonymous_2)
FN:27,(anonymous_3)
FN:31,(anonymous_4)
FN:40,(anonymous_5)
FNF:4
FNH:0
FNDA:0,(anonymous_2)
FNDA:0,(anonymous_3)
FNDA:0,(anonymous_4)
FNDA:0,(anonymous_5)
DA:1,0
DA:2,0
DA:3,0
DA:5,0
DA:6,0
DA:7,0
DA:11,0
DA:13,0
DA:16,0
DA:19,0
DA:22,0
DA:25,0
DA:27,0
DA:28,0
DA:29,0
DA:30,0
DA:32,0
DA:33,0
DA:37,0
DA:40,0
DA:41,0
DA:42,0
DA:43,0
DA:46,0
LF:24
LH:0
BRDA:5,0,0,0
BRDA:5,0,1,0
BRDA:28,1,0,0
BRDA:28,2,0,0
BRDA:28,2,1,0
BRDA:29,3,0,0
BRDA:29,3,1,0
BRDA:42,4,0,0
BRF:8
BRH:0
end_of_record
TN:
SF:src/modules/users/schemas/user-peek.schema.ts
FNF:0
FNH:0
DA:1,2
DA:2,2
DA:5,2
DA:7,2
DA:10,2
DA:13,2
DA:16,2
DA:19,2
LF:8
LH:8
BRF:0
BRH:0
end_of_record
